<?xml version="1.0" encoding="utf-8"?><testsuites><testsuite name="pytest" errors="0" failures="0" skipped="0" tests="27" time="25.987" timestamp="2022-11-13T15:59:13.202575" hostname="plwarbook005"><testcase classname="rss.tests.test_rss_view" name="test_rss_view__followed_only" file="rss/tests/test_rss_view.py" line="14" time="9.008" /><testcase classname="rss.tests.test_rss_item_view" name="test_rss_item_view" file="rss/tests/test_rss_item_view.py" line="4" time="9.088" /><testcase classname="rss.tests.test_rss_item_view" name="test_rss_item_view__read_only" file="rss/tests/test_rss_item_view.py" line="23" time="9.077" /><testcase classname="rss.tests.test_rss_item_view" name="test_mark_as_unread_rss_item" file="rss/tests/test_rss_item_view.py" line="46" time="9.033" /><testcase classname="rss.tests.test_rss_view" name="test_rss_follow" file="rss/tests/test_rss_view.py" line="25" time="1.797" /><testcase classname="rss.tests.test_rss_view" name="test_rss_view__all" file="rss/tests/test_rss_view.py" line="6" time="1.788" /><testcase classname="rss.tests.test_rss_item_view" name="test_mark_as_read_rss_item" file="rss/tests/test_rss_item_view.py" line="35" time="1.878" /><testcase classname="rss.tests.test_rss_item_view" name="test_rss_item_view__filter_by_1_rss" file="rss/tests/test_rss_item_view.py" line="11" time="1.838" /><testcase classname="rss.tests.test_rss_view" name="test_rss_unfollow" file="rss/tests/test_rss_view.py" line="33" time="1.761" /><testcase classname="rss.tests.test_rss_view" name="test_rss_force_update" file="rss/tests/test_rss_view.py" line="42" time="1.693" /><testcase classname="rss.tests.test_tasks" name="test_update_rss_feeds__no_updates" file="rss/tests/test_tasks.py" line="32" time="1.772" /><testcase classname="rss.tests.test_tasks" name="test_update_rss_feeds" file="rss/tests/test_tasks.py" line="12" time="1.785" /><testcase classname="rss.tests.test_tasks" name="test_update_rss_feeds__items" file="rss/tests/test_tasks.py" line="61" time="1.524" /><testcase classname="rss.tests.test_tasks" name="test_update_rss_feeds__incorrect_ttl" file="rss/tests/test_tasks.py" line="47" time="1.476" /><testcase classname="rss.tests.test_tasks" name="test_force_update_rss_feed" file="rss/tests/test_tasks.py" line="86" time="1.449" /><testcase classname="rss.tests.test_tasks" name="test_force_update_rss_feed__failed" file="rss/tests/test_tasks.py" line="100" time="7.680" /><testcase classname="utils.tests" name="test_to_bool[1-True0]" file="utils/tests.py" line="8" time="1.334" /><testcase classname="utils.tests" name="test_to_bool[True-True0]" file="utils/tests.py" line="8" time="1.336" /><testcase classname="utils.tests" name="test_to_bool[true-True]" file="utils/tests.py" line="8" time="1.345" /><testcase classname="utils.tests" name="test_to_bool[0-False]" file="utils/tests.py" line="8" time="1.351" /><testcase classname="utils.tests" name="test_to_bool[1-True1]" file="utils/tests.py" line="8" time="1.357" /><testcase classname="utils.tests" name="test_to_bool[false-False]" file="utils/tests.py" line="8" time="1.326" /><testcase classname="utils.tests" name="test_to_bool[False-False]" file="utils/tests.py" line="8" time="1.383" /><testcase classname="utils.tests" name="test_struct_time_to_datetime" file="utils/tests.py" line="25" time="4.636" /><testcase classname="utils.tests" name="test_to_int[1-1]" file="utils/tests.py" line="30" time="5.574" /><testcase classname="utils.tests" name="test_to_int[True-None]" file="utils/tests.py" line="30" time="4.324" /><testcase classname="utils.tests" name="test_to_bool[True-True1]" file="utils/tests.py" line="8" time="2.559" /></testsuite></testsuites>
